<?xml version="1.0" encoding="UTF-8"?>
<!-- Generated by org.testng.reporters.JUnitReportReporter -->
<testsuite hostname="ad8d8f64971b5ec" failures="0" tests="2" name="com.ust.test.SecondTest" time="0.012" errors="0" timestamp="2023-03-30T16:35:59 IST" skipped="0">
  <testcase classname="com.ust.test.SecondTest" name="f" time="0.003"/>
  <system-out/>
  <testcase classname="com.ust.test.SecondTest" name="a" time="0.009"/>
  <system-out/>
</testsuite> <!-- com.ust.test.SecondTest -->
