<?xml version="1.0" encoding="UTF-8"?>
<!-- Generated by org.testng.reporters.JUnitReportReporter -->
<testsuite hostname="ad8d8f64971b5ec" failures="0" tests="2" name="com.ust.test.ThirdTest" time="0.009" errors="0" timestamp="2023-03-30T16:35:59 IST" skipped="0">
  <testcase classname="com.ust.test.ThirdTest" name="f" time="0.002"/>
  <system-out/>
  <testcase classname="com.ust.test.ThirdTest" name="a" time="0.007"/>
  <system-out/>
</testsuite> <!-- com.ust.test.ThirdTest -->
